#
# There is insufficient memory for the Java Runtime Environment to continue.
# Native memory allocation (mmap) failed to map 1073741824 bytes. Error detail: G1 virtual space
# Possible reasons:
#   The system is out of physical RAM or swap space
#   This process is running with CompressedOops enabled, and the Java Heap may be blocking the growth of the native heap
# Possible solutions:
#   Reduce memory load on the system
#   Increase physical memory or swap space
#   Check if swap backing store is full
#   Decrease Java heap size (-Xmx/-Xms)
#   Decrease number of Java threads
#   Decrease Java thread stack sizes (-Xss)
#   Set larger code cache with -XX:ReservedCodeCacheSize=
#   JVM is running with Zero Based Compressed Oops mode in which the Java heap is
#     placed in the first 32GB address space. The Java Heap base address is the
#     maximum limit for the native heap growth. Please use -XX:HeapBaseMinAddress
#     to set the Java Heap base and to place the Java Heap above 32GB virtual address.
# This output file may be truncated or incomplete.
#
#  Out of Memory Error (os_windows.cpp:3825), pid=22144, tid=54048
#
# JRE version:  (17.0.11+1) (build )
# Java VM: OpenJDK 64-Bit Server VM (17.0.11+1-b1207.24, mixed mode, sharing, tiered, compressed oops, compressed class ptrs, g1 gc, windows-amd64)
# No core dump will be written. Minidumps are not enabled by default on client versions of Windows
#

---------------  S U M M A R Y ------------

Command Line: git4idea.http.GitAskPassApp Username for 'https://github.com': 

Host: Intel(R) Core(TM) i7-10700KF CPU @ 3.80GHz, 16 cores, 63G,  Windows 10 , 64 bit Build 19041 (10.0.19041.5794)
Time: Wed Jun 11 06:36:22 2025 Central Europe Daylight Time elapsed time: 0.017463 seconds (0d 0h 0m 0s)

---------------  T H R E A D  ---------------

Current thread (0x0000026bea0425e0):  JavaThread "Unknown thread" [_thread_in_vm, id=54048, stack(0x0000009725800000,0x0000009725900000)]

Stack: [0x0000009725800000,0x0000009725900000]
Native frames: (J=compiled Java code, j=interpreted, Vv=VM code, C=native code)
V  [jvm.dll+0x6877f9]
V  [jvm.dll+0x8411aa]
V  [jvm.dll+0x842e2e]
V  [jvm.dll+0x843493]
V  [jvm.dll+0x249fdf]
V  [jvm.dll+0x6845c9]
V  [jvm.dll+0x678e7a]
V  [jvm.dll+0x30ab4b]
V  [jvm.dll+0x311ff6]
V  [jvm.dll+0x361a5e]
V  [jvm.dll+0x361c8f]
V  [jvm.dll+0x2e0978]
V  [jvm.dll+0x2e18e4]
V  [jvm.dll+0x811c71]
V  [jvm.dll+0x36f7c8]
V  [jvm.dll+0x7f05f6]
V  [jvm.dll+0x3f398f]
V  [jvm.dll+0x3f5541]
C  [jli.dll+0x528f]
C  [ucrtbase.dll+0x21bb2]
C  [KERNEL32.DLL+0x17374]
C  [ntdll.dll+0x4cc91]


---------------  P R O C E S S  ---------------

Threads class SMR info:
_java_thread_list=0x00007ffa28ceefd8, length=0, elements={
}

Java Threads: ( => current thread )

Other Threads:
  0x0000026bff180820 GCTaskThread "GC Thread#0" [stack: 0x0000009725900000,0x0000009725a00000] [id=47592]
  0x0000026bea0fb540 ConcurrentGCThread "G1 Main Marker" [stack: 0x0000009725a00000,0x0000009725b00000] [id=41912]
  0x0000026bea0fc610 ConcurrentGCThread "G1 Conc#0" [stack: 0x0000009725b00000,0x0000009725c00000] [id=51928]

[error occurred during error reporting (printing all threads), id 0xc0000005, EXCEPTION_ACCESS_VIOLATION (0xc0000005) at pc=0x00007ffa284a1547]

VM state: not at safepoint (not fully initialized)

VM Mutex/Monitor currently owned by a thread:  ([mutex/lock_event])
[0x0000026bea03e980] Heap_lock - owner thread: 0x0000026bea0425e0

Heap address: 0x0000000401000000, size: 16368 MB, Compressed Oops mode: Zero based, Oop shift amount: 3

CDS archive(s) mapped at: [0x0000000000000000-0x0000000000000000-0x0000000000000000), size 0, SharedBaseAddress: 0x0000000800000000, ArchiveRelocationMode: 1.
Narrow klass base: 0x0000000000000000, Narrow klass shift: 0, Narrow klass range: 0x0

GC Precious Log:
<Empty>

Heap:
 garbage-first heap   total 0K, used 0K [0x0000000401000000, 0x0000000800000000)
  region size 8192K, 0 young (0K), 0 survivors (0K)
 Metaspace       used 0K, committed 0K, reserved 0K
  class space    used 0K, committed 0K, reserved 0K

Heap Regions: E=young(eden), S=young(survivor), O=old, HS=humongous(starts), HC=humongous(continues), CS=collection set, F=free, OA=open archive, CA=closed archive, TAMS=top-at-mark-start (previous, next)

Card table byte_map: [0x0000026b80000000,0x0000026b82000000] _byte_map_base: 0x0000026b7dff8000

Marking Bits (Prev, Next): (CMBitMap*) 0x0000026bea0f1c40, (CMBitMap*) 0x0000026bea0f1c80
 Prev Bits: [0x0000026b84000000, 0x0000026b93fc0000)
 Next Bits: [0x0000026b93fc0000, 0x0000026ba3f80000)

GC Heap History (0 events):
No events

Dll operation events (1 events):
Event: 0.004 Loaded shared library C:\Users\petrk\AppData\Local\Programs\WebStorm\jbr\bin\java.dll

Deoptimization events (0 events):
No events

Classes unloaded (0 events):
No events

Classes redefined (0 events):
No events

Internal exceptions (0 events):
No events

VM Operations (0 events):
No events

Events (0 events):
No events


Dynamic libraries:
0x00007ff627970000 - 0x00007ff62797a000 	C:\Users\petrk\AppData\Local\Programs\WebStorm\jbr\bin\java.exe
0x00007ffa94db0000 - 0x00007ffa94fa8000 	C:\Windows\SYSTEM32\ntdll.dll
0x00007ffa93650000 - 0x00007ffa93712000 	C:\Windows\System32\KERNEL32.DLL
0x00007ffa92730000 - 0x00007ffa92a26000 	C:\Windows\System32\KERNELBASE.dll
0x00007ffa92630000 - 0x00007ffa92730000 	C:\Windows\System32\ucrtbase.dll
0x00007ffa65880000 - 0x00007ffa65897000 	C:\Users\petrk\AppData\Local\Programs\WebStorm\jbr\bin\jli.dll
0x00007ff922620000 - 0x00007ff92263b000 	C:\Users\petrk\AppData\Local\Programs\WebStorm\jbr\bin\VCRUNTIME140.dll
0x00007ffa92de0000 - 0x00007ffa92f7d000 	C:\Windows\System32\USER32.dll
0x00007ffa77f50000 - 0x00007ffa781ea000 	C:\Windows\WinSxS\amd64_microsoft.windows.common-controls_6595b64144ccf1df_6.0.19041.5794_none_60bcd33171f2783c\COMCTL32.dll
0x00007ffa92bd0000 - 0x00007ffa92bf2000 	C:\Windows\System32\win32u.dll
0x00007ffa94c20000 - 0x00007ffa94cbe000 	C:\Windows\System32\msvcrt.dll
0x00007ffa92f80000 - 0x00007ffa92fab000 	C:\Windows\System32\GDI32.dll
0x00007ffa92a60000 - 0x00007ffa92b7a000 	C:\Windows\System32\gdi32full.dll
0x00007ffa92c00000 - 0x00007ffa92c9d000 	C:\Windows\System32\msvcp_win.dll
0x00007ffa93850000 - 0x00007ffa9387f000 	C:\Windows\System32\IMM32.DLL
0x00007ffa639c0000 - 0x00007ffa639cc000 	C:\Users\petrk\AppData\Local\Programs\WebStorm\jbr\bin\vcruntime140_1.dll
0x00007ff921190000 - 0x00007ff92121d000 	C:\Users\petrk\AppData\Local\Programs\WebStorm\jbr\bin\msvcp140.dll
0x00007ffa281b0000 - 0x00007ffa28e33000 	C:\Users\petrk\AppData\Local\Programs\WebStorm\jbr\bin\server\jvm.dll
0x00007ffa94cc0000 - 0x00007ffa94d6f000 	C:\Windows\System32\ADVAPI32.dll
0x00007ffa93b50000 - 0x00007ffa93bef000 	C:\Windows\System32\sechost.dll
0x00007ffa92fb0000 - 0x00007ffa930d3000 	C:\Windows\System32\RPCRT4.dll
0x00007ffa92a30000 - 0x00007ffa92a57000 	C:\Windows\System32\bcrypt.dll
0x00007ffa91990000 - 0x00007ffa919db000 	C:\Windows\SYSTEM32\POWRPROF.dll
0x00007ffa68fc0000 - 0x00007ffa68fc9000 	C:\Windows\SYSTEM32\WSOCK32.dll
0x00007ffa8d8d0000 - 0x00007ffa8d8da000 	C:\Windows\SYSTEM32\VERSION.dll
0x00007ffa7e7a0000 - 0x00007ffa7e7c7000 	C:\Windows\SYSTEM32\WINMM.dll
0x00007ffa94560000 - 0x00007ffa945cb000 	C:\Windows\System32\WS2_32.dll
0x00007ffa91850000 - 0x00007ffa91862000 	C:\Windows\SYSTEM32\UMPDC.dll
0x00007ffa90cc0000 - 0x00007ffa90cd2000 	C:\Windows\SYSTEM32\kernel.appcore.dll
0x00007ffa89e70000 - 0x00007ffa89e7a000 	C:\Users\petrk\AppData\Local\Programs\WebStorm\jbr\bin\jimage.dll
0x00007ffa907d0000 - 0x00007ffa909d1000 	C:\Windows\SYSTEM32\DBGHELP.DLL
0x00007ffa6dfb0000 - 0x00007ffa6dfe4000 	C:\Windows\SYSTEM32\dbgcore.DLL
0x00007ffa92ca0000 - 0x00007ffa92d22000 	C:\Windows\System32\bcryptPrimitives.dll
0x00007ffa769e0000 - 0x00007ffa76a05000 	C:\Users\petrk\AppData\Local\Programs\WebStorm\jbr\bin\java.dll

dbghelp: loaded successfully - version: 4.0.5 - missing functions: none
symbol engine: initialized successfully - sym options: 0x614 - pdb path: .;C:\Users\petrk\AppData\Local\Programs\WebStorm\jbr\bin;C:\Windows\SYSTEM32;C:\Windows\WinSxS\amd64_microsoft.windows.common-controls_6595b64144ccf1df_6.0.19041.5794_none_60bcd33171f2783c;C:\Users\petrk\AppData\Local\Programs\WebStorm\jbr\bin\server

VM Arguments:
java_command: git4idea.http.GitAskPassApp Username for 'https://github.com': 
java_class_path (initial): C:/Users/petrk/AppData/Local/Programs/WebStorm/plugins/vcs-git/lib/git4idea-rt.jar;C:/Users/petrk/AppData/Local/Programs/WebStorm/lib/externalProcess-rt.jar
Launcher Type: SUN_STANDARD

[Global flags]
     intx CICompilerCount                          = 12                                        {product} {ergonomic}
     uint ConcGCThreads                            = 3                                         {product} {ergonomic}
     uint G1ConcRefinementThreads                  = 13                                        {product} {ergonomic}
   size_t G1HeapRegionSize                         = 8388608                                   {product} {ergonomic}
    uintx GCDrainStackTargetSize                   = 64                                        {product} {ergonomic}
   size_t InitialHeapSize                          = 1073741824                                {product} {ergonomic}
   size_t MarkStackSize                            = 4194304                                   {product} {ergonomic}
   size_t MaxHeapSize                              = 17163091968                               {product} {ergonomic}
   size_t MinHeapDeltaBytes                        = 8388608                                   {product} {ergonomic}
   size_t MinHeapSize                              = 8388608                                   {product} {ergonomic}
    uintx NonNMethodCodeHeapSize                   = 7602480                                {pd product} {ergonomic}
    uintx NonProfiledCodeHeapSize                  = 122027880                              {pd product} {ergonomic}
    uintx ProfiledCodeHeapSize                     = 122027880                              {pd product} {ergonomic}
    uintx ReservedCodeCacheSize                    = 251658240                              {pd product} {ergonomic}
     bool SegmentedCodeCache                       = true                                      {product} {ergonomic}
   size_t SoftMaxHeapSize                          = 17163091968                            {manageable} {ergonomic}
     bool UseCompressedClassPointers               = true                           {product lp64_product} {ergonomic}
     bool UseCompressedOops                        = true                           {product lp64_product} {ergonomic}
     bool UseG1GC                                  = true                                      {product} {ergonomic}
     bool UseLargePagesIndividualAllocation        = false                                  {pd product} {ergonomic}

Logging:
Log output configuration:
 #0: stdout all=warning uptime,level,tags
 #1: stderr all=off uptime,level,tags

Environment Variables:
JAVA_HOME=C:\Program Files\Java\jdk-11.0.13
PATH=C:/Program Files/Git/mingw64/libexec/git-core;C:/Program Files/Git/mingw64/libexec/git-core;C:\Program Files\Git\mingw64\bin;C:\Program Files\Git\usr\bin;C:\Users\petrk\bin;C:\Python313\Scripts\;C:\Python313\;D:\Python\Scripts\;D:\Python\;C:\Program Files\Common Files\Oracle\Java\javapath;C:\Python310\Scripts\;C:\Python310\;C:\Program Files\Oculus\Support\oculus-runtime;C:\Windows\system32;C:\Windows;C:\Windows\System32\Wbem;C:\Windows\System32\WindowsPowerShell\v1.0\;C:\Windows\System32\OpenSSH\;C:\Program Files (x86)\NVIDIA Corporation\PhysX\Common;C:\ProgramData\chocolatey\bin;C:\Program Files\dotnet\;C:\Program Files\Android SDK platform tools;C:\Program Files (x86)\Windows Kits\10\Windows Performance Toolkit\;D:\src\flutter\bin;D:\Program Files\libwebp-1.3.1-windows-x64\bin;C:\Program Files\NVIDIA Corporation\NVIDIA NvDLISR;C:\Users\petrk\AppData\Local\Pub\Cache\bin;D;C:\Program Files\Git\cmd;C:\Program Files (x86)\Incredibuild;C:\Program Files (x86)\Microsoft SQL Server\160\Tools\Binn\;C:\Program Files\Microsoft SQL Server\160\Tools\Binn\;C:\Program Files\Microsoft SQL Server\Client SDK\ODBC\170\Tools\Binn\;C:\Program Files\Microsoft SQL Server\160\DTS\Binn\;C:\Program Files (x86)\Microsoft SQL Server\160\DTS\Binn\;D:\Program Files\Calibre2\;D:\scripts;D:\Program Files\nodejs\;D:\Ruby25-x64\bin;C:\Users\petrk\AppData\Local\Microsoft\WindowsApps;C:\Users\petrk\AppData\Local\Programs\Microsoft VS Code\bin;C:\Program Files\JetBrains\Rider for Unreal Engine 2021.2.1\bin;C:\Program Files\Java\jdk-11.0.13\bin;C:\Users\petrk\AppData\Local\JetBrains\Toolbox\scripts;C:\Users\petrk\.dotnet\tools;C:\Users\petrk\AppData\Local\GitHubDesktop\bin;C:\Users\petrk\AppData\Local\Pub\Cache\bin;C:\Users\petrk\AppData\Roaming\npm
USERNAME=petrk
DISPLAY=:0.0
LC_ALL=en_US.UTF-8
TERM=xterm-256color
TMPDIR=C:\Users\petrk\AppData\Local\Temp
OS=Windows_NT
PROCESSOR_IDENTIFIER=Intel64 Family 6 Model 165 Stepping 5, GenuineIntel
TMP=C:\Users\petrk\AppData\Local\Temp
TEMP=C:\Users\petrk\AppData\Local\Temp



Periodic native trim disabled

JNI global refs:
JNI global refs: 0, weak refs: 0

JNI global refs memory usage: 0, weak refs: 0

Process memory usage:
Resident Set Size: 11396K (0% of 67026884K total physical memory with 7812704K free physical memory)

OOME stack traces (most recent first):
Classloader memory used:


---------------  S Y S T E M  ---------------

OS:
 Windows 10 , 64 bit Build 19041 (10.0.19041.5794)
OS uptime: 25 days 17:48 hours

CPU: total 16 (initial active 16) (8 cores per cpu, 2 threads per core) family 6 model 165 stepping 5 microcode 0xe2, cx8, cmov, fxsr, ht, mmx, 3dnowpref, sse, sse2, sse3, ssse3, sse4.1, sse4.2, popcnt, lzcnt, tsc, tscinvbit, avx, avx2, aes, erms, clmul, bmi1, bmi2, adx, fma, vzeroupper, clflush, clflushopt
Processor Information for all 16 processors :
  Max Mhz: 3792, Current Mhz: 3792, Mhz Limit: 3792

Memory: 4k page, system-wide physical 65455M (7629M free)
TotalPageFile size 184406M (AvailPageFile size 223M)
current process WorkingSet (physical memory assigned to process): 11M, peak: 11M
current process commit charge ("private bytes"): 71M, peak: 1095M

vm_info: OpenJDK 64-Bit Server VM (17.0.11+1-b1207.24) for windows-amd64 JRE (17.0.11+1-b1207.24), built on 2024-05-15 by "builduser" with MS VC++ 16.10 / 16.11 (VS2019)

END.
